<?xml version="1.0" encoding="UTF-8"?>
<!-- Generated by org.testng.reporters.JUnitReportReporter -->
<testsuite hostname="DESKTOP-LUU8EN2" failures="0" tests="2" name="TestNGFeatures.OpenCartLogin" time="4.641" errors="0" timestamp="5 May 2022 17:15:35 GMT">
  <testcase classname="TestNGFeatures.OpenCartLogin" name="verifyLoginPage" time="0.037"/>
  <testcase classname="TestNGFeatures.OpenCartLogin" name="loginOpenCart" time="4.604"/>
</testsuite> <!-- TestNGFeatures.OpenCartLogin -->
