<?xml version="1.0" encoding="UTF-8"?>
<!-- Generated by org.testng.reporters.JUnitReportReporter -->
<testsuite hostname="DESKTOP-LUU8EN2" failures="0" tests="3" name="TestNGFeatures.TestFeatures" time="0.010" errors="0" timestamp="5 May 2022 17:15:35 GMT">
  <testcase classname="TestNGFeatures.TestFeatures" name="searchData" time="0.002"/>
  <testcase classname="TestNGFeatures.TestFeatures" name="priceData" time="0.006"/>
  <testcase classname="TestNGFeatures.TestFeatures" name="verifyPage" time="0.002"/>
</testsuite> <!-- TestNGFeatures.TestFeatures -->
