<?xml version="1.0" encoding="UTF-8"?>
<!-- Generated by org.testng.reporters.JUnitReportReporter -->
<testsuite hostname="DESKTOP-LUU8EN2" failures="0" tests="2" name="TestNGFeatures.Orangehrm_TestNG" time="0.042" errors="0" timestamp="5 May 2022 17:15:35 GMT">
  <testcase classname="TestNGFeatures.Orangehrm_TestNG" name="pageLaunchVerification" time="0.010"/>
  <testcase classname="TestNGFeatures.Orangehrm_TestNG" name="headerTextDisplayed" time="0.032"/>
</testsuite> <!-- TestNGFeatures.Orangehrm_TestNG -->
